<?xml version="1.0" encoding="UTF-8"?>
<!-- Generated by org.testng.reporters.JUnitReportReporter -->
<testsuite hostname="LAPTOP-SSFVE9VJ" failures="0" tests="1" name="com.testing.utilities.TestUtils" time="0.252" errors="0" timestamp="2021-01-31T19:39:43 IST" skipped="0">
  <testcase classname="com.testing.utilities.TestUtils" name="xls_Reader" time="0.252"/>
  <system-out/>
</testsuite> <!-- com.testing.utilities.TestUtils -->
